Linux 3.16.0-4-amd64 (orkisz)   12/18/2015    _x86_64_       (2 CPU)

12/18/2015 08:11:24 PM
avg-cpu: %user %nice %system %iowait %steal       %idle
           5.42    0.00 5.51 11.42     0.00       77.65

Device:           tps    kB_read/s    kB_wrtn/s    kB_read   kB_wrtn
sda             82.03      4798.25       355.54   23238277   1721885
dm-0            78.10      4721.90        22.01   22868484    106612
dm-1             6.88        52.67        42.94     255097    207980
dm-2             0.17         0.68         0.01       3301        44

12/18/2015 08:11:26 PM
avg-cpu: %user %nice %system %iowait %steal       %idle
           0.00    0.00 0.25    1.75   0.00       98.00

Device:           tps    kB_read/s    kB_wrtn/s    kB_read   kB_wrtn
sda              0.50         2.00         0.00          4         0
dm-0             0.00         0.00         0.00          0         0
dm-1             0.00         0.00         0.00          0         0
dm-2             0.00         0.00         0.00          0         0

12/18/2015 08:11:28 PM
avg-cpu: %user %nice %system %iowait %steal       %idle
           0.00    0.00 0.75    1.75   0.00       97.49

Device:           tps    kB_read/s    kB_wrtn/s    kB_read   kB_wrtn
sda              4.00         0.00        14.00          0        28
dm-0             3.50         0.00        14.00          0        28
dm-1             0.00         0.00         0.00          0         0
dm-2             0.00         0.00         0.00          0         0

12/18/2015 08:11:30 PM
avg-cpu: %user %nice %system %iowait %steal       %idle
           0.00    0.00 0.50    2.00   0.00       97.50

Device:           tps    kB_read/s    kB_wrtn/s    kB_read   kB_wrtn
sda              2.00         0.00         6.00          0        12
dm-0             0.00         0.00         0.00          0         0
dm-1             1.50         0.00         6.00          0        12
dm-2             0.00         0.00         0.00          0         0

12/18/2015 08:11:32 PM
avg-cpu: %user %nice %system %iowait %steal       %idle
           0.00    0.00 0.25    0.00   0.00       99.75

Device:           tps    kB_read/s    kB_wrtn/s    kB_read   kB_wrtn
sda              0.00         0.00         0.00          0         0
dm-0             0.00         0.00         0.00          0         0
dm-1             0.00         0.00         0.00          0         0
dm-2             0.00         0.00         0.00          0         0

12/18/2015 08:11:34 PM
avg-cpu: %user %nice %system %iowait %steal       %idle
           0.00    0.00 0.50    1.75   0.00       97.74

Device:           tps    kB_read/s    kB_wrtn/s    kB_read   kB_wrtn
sda              0.50         8.00         0.00         16         0
dm-0             0.00         0.00         0.00          0         0
dm-1             0.00         0.00         0.00          0         0
dm-2             0.00         0.00         0.00          0         0

12/18/2015 08:11:36 PM
avg-cpu: %user %nice %system %iowait %steal    %idle
          33.00    0.00 2.50    4.25   0.00    60.25

Device:          tps   kB_read/s   kB_wrtn/s    kB_read    kB_wrtn
sda            48.50     1224.00        0.00       2448          0
dm-0            1.00       14.00        0.00         28          0
dm-1           44.00     1160.00        0.00       2320          0
dm-2            0.00        0.00        0.00          0          0

12/18/2015 08:11:38 PM
avg-cpu: %user %nice %system %iowait %steal    %idle
          47.62    0.00 2.26    0.00   0.00    50.13

Device:          tps   kB_read/s   kB_wrtn/s    kB_read    kB_wrtn
sda             0.00        0.00        0.00          0          0
dm-0            0.00        0.00        0.00          0          0
dm-1            0.00        0.00        0.00          0          0
dm-2            0.00        0.00        0.00          0          0

12/18/2015 08:11:40 PM
avg-cpu: %user %nice %system %iowait %steal    %idle
          48.00    0.00 2.00    1.75   0.00    48.25

Device:          tps   kB_read/s   kB_wrtn/s    kB_read    kB_wrtn
sda             2.00        0.00        6.00          0         12
dm-0            1.50        0.00        6.00          0         12
dm-1            0.00        0.00        0.00          0          0
dm-2            0.00        0.00        0.00          0          0

12/18/2015 08:11:42 PM
avg-cpu: %user %nice %system %iowait %steal    %idle
          47.50    0.00 2.75    0.00   0.00    49.75

Device:          tps   kB_read/s   kB_wrtn/s    kB_read    kB_wrtn
sda             0.00        0.00        0.00          0          0
dm-0            0.00        0.00        0.00          0          0
dm-1            0.00        0.00        0.00          0          0
dm-2            0.00        0.00        0.00          0          0

12/18/2015 08:11:44 PM
avg-cpu: %user %nice %system %iowait %steal    %idle
          47.62    0.00 2.26    0.00   0.00    50.13

Device:          tps   kB_read/s   kB_wrtn/s    kB_read    kB_wrtn
sda             0.00        0.00        0.00          0          0
dm-0            0.00        0.00        0.00          0          0
dm-1            0.00        0.00        0.00          0          0
dm-2            0.00        0.00        0.00          0          0

12/18/2015 08:11:46 PM
avg-cpu: %user %nice %system %iowait %steal    %idle
          47.88    0.00 2.24    0.00   0.00    49.88

Device:          tps   kB_read/s   kB_wrtn/s    kB_read    kB_wrtn
sda             0.00        0.00        0.00          0          0
dm-0            0.00        0.00        0.00          0          0
dm-1            0.00        0.00        0.00          0          0
dm-2            0.00        0.00        0.00          0          0

12/18/2015 08:11:48 PM
avg-cpu: %user %nice %system %iowait %steal    %idle
          47.74    0.00 2.26    0.00   0.00    50.00

Device:          tps   kB_read/s   kB_wrtn/s    kB_read   kB_wrtn
sda             0.00        0.00        0.00          0         0
dm-0            0.00        0.00        0.00          0         0
dm-1            0.00        0.00        0.00          0         0
dm-2            0.00        0.00        0.00          0         0

12/18/2015 08:11:50 PM
avg-cpu: %user %nice %system %iowait %steal    %idle
          47.63    0.00 2.49    0.00   0.00    49.88

Device:          tps   kB_read/s   kB_wrtn/s    kB_read   kB_wrtn
sda             0.00        0.00        0.00          0         0
dm-0            0.00        0.00        0.00          0         0
dm-1            0.00        0.00        0.00          0         0
dm-2            0.00        0.00        0.00          0         0

12/18/2015 08:11:52 PM
avg-cpu: %user %nice %system %iowait %steal    %idle
          47.87    0.00 2.01    0.00   0.00    50.13

Device:          tps   kB_read/s   kB_wrtn/s    kB_read   kB_wrtn
sda             0.00        0.00        0.00          0         0
dm-0            0.00        0.00        0.00          0         0
dm-1            0.00        0.00        0.00          0         0
dm-2            0.00        0.00        0.00          0         0

12/18/2015 08:11:54 PM
avg-cpu: %user %nice %system %iowait %steal    %idle
          47.50    0.00 2.50    0.00   0.00    50.00

Device:          tps   kB_read/s   kB_wrtn/s    kB_read   kB_wrtn
sda             0.00        0.00        0.00          0         0
dm-0            0.00        0.00        0.00          0         0
dm-1            0.00        0.00        0.00          0         0
dm-2            0.00        0.00        0.00          0         0

12/18/2015 08:11:56 PM
avg-cpu: %user %nice %system %iowait %steal    %idle
          47.75    0.00 2.50    0.00   0.00    49.75

Device:          tps   kB_read/s   kB_wrtn/s    kB_read   kB_wrtn
sda             0.00        0.00        0.00          0         0
dm-0            0.00        0.00        0.00          0         0
dm-1            0.00        0.00        0.00          0         0
dm-2            0.00        0.00        0.00          0         0

12/18/2015 08:11:58 PM
avg-cpu: %user %nice %system %iowait %steal    %idle
          48.25    0.00 1.75    0.00   0.00    50.00

Device:          tps   kB_read/s   kB_wrtn/s    kB_read   kB_wrtn
sda             0.00        0.00        0.00          0         0
dm-0            0.00        0.00        0.00          0         0
dm-1            0.00        0.00        0.00          0         0
dm-2            0.00        0.00        0.00          0         0

12/18/2015 08:12:00 PM
avg-cpu: %user %nice %system %iowait %steal      %idle
          48.62    0.00 1.25    0.00   0.00      50.13

Device:           tps    kB_read/s   kB_wrtn/s    kB_read   kB_wrtn
sda              0.00         0.00        0.00          0         0
dm-0             0.00         0.00        0.00          0         0
dm-1             0.00         0.00        0.00          0         0
dm-2             0.00         0.00        0.00          0         0

12/18/2015 08:12:02 PM
avg-cpu: %user %nice %system %iowait %steal      %idle
          47.63    0.00 2.74    0.00   0.00      49.63

Device:           tps    kB_read/s   kB_wrtn/s    kB_read   kB_wrtn
sda              0.00         0.00        0.00          0         0
dm-0             0.00         0.00        0.00          0         0
dm-1             0.00         0.00        0.00          0         0
dm-2             0.00         0.00        0.00          0         0

12/18/2015 08:12:04 PM
avg-cpu: %user %nice %system %iowait %steal      %idle
          48.35    0.00 2.78    1.77   0.00      47.09

Device:           tps    kB_read/s   kB_wrtn/s    kB_read   kB_wrtn
sda             37.50         0.00      156.00          0       312
dm-0            32.00         0.00      128.00          0       256
dm-1           246.00         0.00      984.00          0      1968
dm-2             0.50         0.00        2.00          0         4



[ HERE IT STARTS ]



12/18/2015 08:12:06 PM
avg-cpu: %user %nice %system %iowait %steal      %idle
          13.85    0.00 7.81 68.77     0.00       9.57

Device:           tps    kB_read/s   kB_wrtn/s    kB_read   kB_wrtn
sda            219.00      1904.00    31530.00       3808     63060
dm-0             5.50       144.00        8.00        288        16
dm-1           343.00      1760.00     3686.00       3520      7372
dm-2             0.00         0.00        0.00          0         0

12/18/2015 08:12:08 PM
avg-cpu: %user %nice %system %iowait %steal      %idle
          22.98    0.00 6.06 70.96     0.00       0.00

Device:           tps    kB_read/s   kB_wrtn/s    kB_read   kB_wrtn
sda            169.50       738.00    46844.00       1476     93688
dm-0            18.00       682.00        0.00       1364         0
dm-1             0.00         0.00        0.00          0         0
dm-2             0.00         0.00        0.00          0         0

12/18/2015 08:12:10 PM
avg-cpu: %user %nice %system %iowait %steal      %idle
          19.70    0.00 7.71 62.31     0.00      10.28

Device:           tps    kB_read/s   kB_wrtn/s    kB_read   kB_wrtn
sda            574.43      3501.37    37322.37       7668     81736
dm-0            34.25      3421.00        0.00       7492         0
dm-1            21.00       133.33       40.18        292        88
dm-2             0.00         0.00        0.00          0         0

12/18/2015 08:12:13 PM
avg-cpu: %user    %nice %system %iowait %steal    %idle
          3.08     0.00 14.29 61.32       0.00    21.32

Device:             tps   kB_read/s   kB_wrtn/s    kB_read   kB_wrtn
sda              193.55    13826.73      291.24      30004       632
dm-0             176.04    13317.97        0.00      28900         0
dm-1              83.41      523.50      291.24       1136       632
dm-2               0.00        0.00        0.00          0         0

12/18/2015 08:12:26 PM
avg-cpu: %user %nice %system %iowait %steal       %idle
           1.63    0.00 24.25 53.68    0.00       20.44

Device:          tps      kB_read/s   kB_wrtn/s    kB_read   kB_wrtn
sda           866.67       72925.25        0.00     144392         0
dm-0         2521.21      197949.49        0.00     391940         0
dm-1            9.60         341.41        0.00        676         0
dm-2            0.00           0.00        0.00          0         0

12/18/2015 08:12:48 PM
avg-cpu: %user %nice %system %iowait %steal       %idle
           0.07    0.00 30.94 52.52    0.00       16.46

Device:             tps   kB_read/s   kB_wrtn/s    kB_read   kB_wrtn
sda              405.61    33371.54        0.00     689456         0
dm-0             460.36    37086.93        0.00     766216         0
dm-1               1.21       26.91        0.00        556         0
dm-2               0.00        0.00        0.00          0         0

12/18/2015 08:13:23 PM
avg-cpu: %user %nice %system %iowait %steal       %idle
           0.11    0.00 32.64 52.29    0.00       14.97

Device:             tps   kB_read/s   kB_wrtn/s    kB_read   kB_wrtn
sda              411.63    32885.98        0.00     800116         0
dm-0             516.28    39580.27        0.00     962988         0
dm-1               1.93       40.12        0.00        976         0
dm-2               0.00        0.00        0.00          0         0

12/18/2015 08:13:47 PM
avg-cpu: %user %nice %system %iowait %steal       %idle
           0.05    0.00 30.26 51.91    0.00       17.78

Device:             tps   kB_read/s   kB_wrtn/s    kB_read   kB_wrtn
sda              410.09    34470.89        1.62    1274044        60
dm-0             341.96    27753.90        0.00    1025784         0
dm-1               1.16       24.35        0.00        900         0
dm-2               0.00        0.00        0.00          0         0

12/18/2015 08:14:23 PM
avg-cpu: %user %nice %system %iowait %steal       %idle
           0.15    0.00 41.52 46.51    0.00       11.83

Device:             tps   kB_read/s   kB_wrtn/s    kB_read   kB_wrtn
sda              463.03    36855.28        0.00     746688         0
dm-0             728.18    56018.95        0.00    1134944         0
dm-1               1.88       42.25        0.00        856         0
dm-2               0.00        0.00        0.00          0         0

12/18/2015 08:14:39 PM
avg-cpu: %user %nice %system %iowait %steal       %idle
           0.03     0.00   31.96   51.50   0.00    16.51

Device:             tps   kB_read/s   kB_wrtn/s    kB_read   kB_wrtn
sda              385.02    32053.68        0.10    1253940         4
dm-0             204.35    16908.28        0.00     661452         0
dm-1               2.58       14.31        0.00        560         0
dm-2               0.00        0.00        0.00          0         0

12/18/2015 08:15:07 PM
avg-cpu: %user %nice %system %iowait %steal       %idle
           0.00    0.00 35.08 50.19    0.00       14.74

Device:             tps   kB_read/s   kB_wrtn/s    kB_read   kB_wrtn
sda              457.73    38608.90        1.24     624692        20
dm-0             781.15    59667.00        0.00     965412         0
dm-1              15.57       92.95        0.00       1504         0
dm-2               0.00        0.00        0.00          0         0

12/18/2015 08:15:28 PM
avg-cpu: %user %nice %system %iowait %steal       %idle
           0.14    0.00 31.92 51.92    0.00       16.01

Device:             tps   kB_read/s   kB_wrtn/s    kB_read   kB_wrtn
sda              420.31    32085.13        4.22     789936       104
dm-0             387.81    28992.20        0.97     713788        24
dm-1               1.18       28.27        0.00        696         0
dm-2               0.00        0.00        0.00          0         0

12/18/2015 08:15:55 PM
avg-cpu: %user %nice %system %iowait %steal       %idle
           0.16    0.00 54.57 38.59    0.00        6.69

Device:             tps   kB_read/s   kB_wrtn/s    kB_read   kB_wrtn
sda              514.13    38545.72        0.00     725816         0
dm-0             658.42    46522.15        0.00     876012         0
dm-1               2.02       53.96        0.00       1016         0
dm-2               0.00        0.00        0.00          0         0

12/18/2015 08:16:07 PM
avg-cpu: %user %nice %system %iowait %steal       %idle
           0.11    0.00 44.24 45.45    0.00       10.20

Device:             tps   kB_read/s   kB_wrtn/s    kB_read   kB_wrtn
sda              488.76    36966.58        0.00    1055396         0
dm-0             300.46    21119.02        0.00     602948         0
dm-1               0.63       14.29        0.00        408         0
dm-2               0.00        0.00        0.00          0         0

12/18/2015 08:16:08 PM
avg-cpu: %user %nice %system %iowait %steal       %idle
           1.03    0.00 28.87 55.67    0.00       14.43

Device:            tps    kB_read/s   kB_wrtn/s    kB_read   kB_wrtn
sda              39.26      2649.88        0.00      10732         0
dm-0             37.53      1125.93        0.00       4560         0
dm-1              0.00         0.00        0.00          0         0
dm-2              0.00         0.00        0.00          0         0

12/18/2015 08:16:10 PM
avg-cpu: %user %nice %system %iowait %steal       %idle
           1.00    0.00 3.25 19.00     0.00       76.75
Device:          tps   kB_read/s   kB_wrtn/s    kB_read   kB_wrtn
sda           101.50     2154.00        6.00       4308        12
dm-0          139.50     1774.00        0.00       3548         0
dm-1            0.00        0.00        0.00          0         0
dm-2            0.00        0.00        0.00          0         0

12/18/2015 08:16:12 PM
avg-cpu: %user %nice %system %iowait %steal    %idle
           0.25    0.00 0.50    1.75   0.00    97.51

Device:          tps   kB_read/s   kB_wrtn/s    kB_read   kB_wrtn
sda             0.50       64.00        0.00        128         0
dm-0            0.50       64.00        0.00        128         0
dm-1            0.00        0.00        0.00          0         0
dm-2            0.00        0.00        0.00          0         0



[ HERE IT ENDS ]



12/18/2015 08:16:14 PM
avg-cpu: %user %nice %system %iowait %steal    %idle
           0.00    0.00 0.25    1.50   0.00    98.25

Device:          tps   kB_read/s   kB_wrtn/s    kB_read   kB_wrtn
sda             3.00        0.00       10.00          0        20
dm-0            2.50        0.00       10.00          0        20
dm-1            0.00        0.00        0.00          0         0
dm-2            0.00        0.00        0.00          0         0

12/18/2015 08:16:16 PM
avg-cpu: %user %nice %system %iowait %steal    %idle
           0.00    0.00 0.25    3.00   0.00    96.75

Device:          tps   kB_read/s   kB_wrtn/s    kB_read   kB_wrtn
sda             1.00       52.00        0.00        104         0
dm-0            1.00       52.00        0.00        104         0
dm-1            0.00        0.00        0.00          0         0
dm-2            0.00        0.00        0.00          0         0

12/18/2015 08:16:18 PM
avg-cpu: %user %nice %system %iowait %steal %idle
           0.00    0.00 0.00    0.00   0.00 100.00

Device:          tps   kB_read/s   kB_wrtn/s    kB_read   kB_wrtn
sda             0.00        0.00        0.00          0         0
dm-0            0.00        0.00        0.00          0         0
dm-1            0.00        0.00        0.00          0         0
dm-2            0.00        0.00        0.00          0         0

12/18/2015 08:16:20 PM
avg-cpu: %user %nice %system %iowait %steal    %idle
           0.25    0.00 0.00    0.00   0.00    99.75

Device:          tps   kB_read/s   kB_wrtn/s    kB_read   kB_wrtn
sda             0.00        0.00        0.00          0         0
dm-0            0.00        0.00        0.00          0         0
dm-1            0.00        0.00        0.00          0         0
dm-2            0.00        0.00        0.00          0         0

12/18/2015 08:16:22 PM
avg-cpu: %user %nice %system %iowait %steal %idle
           0.00    0.00 0.00    0.00   0.00 100.00
Device:          tps   kB_read/s   kB_wrtn/s    kB_read   kB_wrtn
sda             0.00        0.00        0.00          0         0
dm-0            0.00        0.00        0.00          0         0
dm-1            0.00        0.00        0.00          0         0
dm-2            0.00        0.00        0.00          0         0

12/18/2015 08:16:24 PM
avg-cpu: %user %nice %system %iowait %steal    %idle
           0.00    0.00 0.50    4.76   0.00    94.74

Device:          tps   kB_read/s   kB_wrtn/s    kB_read   kB_wrtn
sda             6.00      226.00        0.00        452         0
dm-0            3.00      274.00        0.00        548         0
dm-1            0.00        0.00        0.00          0         0
dm-2            0.00        0.00        0.00          0         0
