top - 19:55:34 up 1:04, 2 users, load average: 0.26, 1.40, 1.21
Tasks: 132 total, 1 running, 131 sleeping, 0 stopped, 0 zombie
%Cpu(s): 5.2 us, 5.0 sy, 0.0 ni, 79.0 id, 10.8 wa, 0.0 hi, 0.0 si, 0.0 st
KiB Mem: 3935100 total, 126076 used, 3809024 free,      13552 buffers
KiB Swap: 262140 total,    38748 used, 223392 free.     33340 cached Mem
--
top - 19:55:36 up 1:04, 2 users, load average: 0.26, 1.40, 1.21
Tasks: 132 total, 1 running, 131 sleeping, 0 stopped, 0 zombie
%Cpu(s): 0.0 us, 0.5 sy, 0.0 ni, 97.5 id, 2.0 wa, 0.0 hi, 0.0 si, 0.0 st
KiB Mem: 3935100 total, 126076 used, 3809024 free,      13552 buffers
KiB Swap: 262140 total,    38748 used, 223392 free.     33340 cached Mem
--
top - 19:55:38 up 1:04, 2 users, load average: 0.26, 1.40, 1.21
Tasks: 132 total, 1 running, 131 sleeping, 0 stopped, 0 zombie
%Cpu(s): 0.2 us, 0.7 sy, 0.0 ni, 99.0 id, 0.0 wa, 0.0 hi, 0.0 si, 0.0 st
KiB Mem: 3935100 total, 126852 used, 3808248 free,      13552 buffers
KiB Swap: 262140 total,    38748 used, 223392 free.     33340 cached Mem
--
top - 19:55:40 up 1:04, 2 users, load average: 0.24, 1.38, 1.21
Tasks: 132 total, 1 running, 131 sleeping, 0 stopped, 0 zombie
%Cpu(s): 0.2 us, 0.0 sy, 0.0 ni, 98.0 id, 1.7 wa, 0.0 hi, 0.0 si, 0.0 st
KiB Mem: 3935100 total, 126852 used, 3808248 free,      13552 buffers
KiB Swap: 262140 total,    38748 used, 223392 free.     33340 cached Mem
--
top - 19:55:42 up 1:05, 2 users, load average: 0.24, 1.38, 1.21
Tasks: 136 total, 2 running, 134 sleeping, 0 stopped, 0 zombie
%Cpu(s): 15.7 us, 3.0 sy, 0.0 ni, 73.9 id, 7.5 wa, 0.0 hi, 0.0 si, 0.0 st
KiB Mem: 3935100 total, 208248 used, 3726852 free,      13976 buffers
KiB Swap: 262140 total,    38716 used, 223424 free.     35664 cached Mem
--
top - 19:55:44 up 1:05, 2 users, load average: 0.30, 1.37, 1.21
Tasks: 136 total, 2 running, 134 sleeping, 0 stopped, 0 zombie
%Cpu(s): 48.0 us, 2.0 sy, 0.0 ni, 48.0 id, 2.0 wa, 0.0 hi, 0.0 si, 0.0 st
KiB Mem: 3935100 total, 208248 used, 3726852 free,      13976 buffers
KiB Swap: 262140 total,    38716 used, 223424 free.     35664 cached Mem
--
top - 19:55:46 up 1:05, 2 users, load average: 0.30, 1.37, 1.21
Tasks: 136 total, 2 running, 134 sleeping, 0 stopped, 0 zombie
%Cpu(s): 48.5 us, 1.7 sy, 0.0 ni, 49.8 id, 0.0 wa, 0.0 hi, 0.0 si, 0.0 st
KiB Mem: 3935100 total, 711440 used, 3223660 free,      13984 buffers
KiB Swap: 262140 total,    38716 used, 223424 free.     35740 cached Mem
--
top - 19:55:48 up 1:05, 2 users, load average: 0.30, 1.37, 1.21
Tasks: 136 total, 2 running, 134 sleeping, 0 stopped, 0 zombie
%Cpu(s): 48.4 us, 1.8 sy, 0.0 ni, 49.9 id, 0.0 wa, 0.0 hi, 0.0 si, 0.0 st
KiB Mem: 3935100 total, 711440 used, 3223660 free,      13984 buffers
KiB Swap: 262140 total,    38716 used, 223424 free.     35740 cached Mem
--
top - 19:55:50 up 1:05, 2 users, load average: 0.35, 1.36, 1.21
Tasks: 136 total, 2 running, 134 sleeping, 0 stopped, 0 zombie
%Cpu(s): 48.3 us, 2.0 sy, 0.0 ni, 49.8 id, 0.0 wa, 0.0 hi, 0.0 si, 0.0 st
KiB Mem: 3935100 total, 1213516 used, 2721584 free,     13984 buffers
KiB Swap: 262140 total,    38716 used, 223424 free.     35740 cached Mem
--
top - 19:55:52 up 1:05, 2 users, load average: 0.35, 1.36, 1.21
Tasks: 136 total, 2 running, 134 sleeping, 0 stopped, 0 zombie
%Cpu(s): 47.8 us, 2.2 sy, 0.0 ni, 50.0 id, 0.0 wa, 0.0 hi, 0.0 si, 0.0 st
KiB Mem: 3935100 total, 1213516 used, 2721584 free,     13984 buffers
KiB Swap: 262140 total,    38716 used, 223424 free.     35740 cached Mem
--
top - 19:55:54 up 1:05, 2 users, load average: 0.40, 1.36, 1.21
Tasks: 136 total, 2 running, 134 sleeping, 0 stopped, 0 zombie
%Cpu(s): 48.0 us, 2.2 sy, 0.0 ni, 49.8 id, 0.0 wa, 0.0 hi, 0.0 si, 0.0 st
KiB Mem: 3935100 total, 1716084 used, 2219016 free,     13984 buffers
KiB Swap: 262140 total,    38716 used, 223424 free.     35740 cached Mem
--
top - 19:55:56 up 1:05, 2 users, load average: 0.40, 1.36, 1.21
Tasks: 136 total, 2 running, 134 sleeping, 0 stopped, 0 zombie
%Cpu(s): 47.6 us, 2.5 sy, 0.0 ni, 49.9 id, 0.0 wa, 0.0 hi, 0.0 si, 0.0 st
KiB Mem: 3935100 total, 1716084 used, 2219016 free,     13984 buffers
KiB Swap: 262140 total,    38716 used, 223424 free.     35740 cached Mem
--
top - 19:55:58 up 1:05, 2 users, load average: 0.40, 1.36, 1.21
Tasks: 136 total, 2 running, 134 sleeping, 0 stopped, 0 zombie
%Cpu(s): 47.4 us, 2.7 sy, 0.0 ni, 49.9 id, 0.0 wa, 0.0 hi, 0.0 si, 0.0 st
KiB Mem: 3935100 total, 2218408 used, 1716692 free,     13984 buffers
KiB Swap: 262140 total,    38716 used, 223424 free.     35740 cached Mem
--
top - 19:56:00 up 1:05, 2 users, load average: 0.45, 1.35, 1.20
Tasks: 136 total, 2 running, 134 sleeping, 0 stopped, 0 zombie
%Cpu(s): 47.9 us, 2.5 sy, 0.0 ni, 49.6 id, 0.0 wa, 0.0 hi, 0.0 si, 0.0 st
KiB Mem: 3935100 total, 2218408 used, 1716692 free,     13984 buffers
KiB Swap: 262140 total,    38716 used, 223424 free.     35740 cached Mem
--
top - 19:56:02 up 1:05, 2 users, load average: 0.45, 1.35, 1.20
Tasks: 136 total, 2 running, 134 sleeping, 0 stopped, 0 zombie
%Cpu(s): 48.6 us, 1.5 sy, 0.0 ni, 49.9 id, 0.0 wa, 0.0 hi, 0.0 si, 0.0 st
KiB Mem: 3935100 total, 2721244 used, 1213856 free,     13984 buffers
KiB Swap: 262140 total,    38716 used, 223424 free.     35740 cached Mem
--
top - 19:56:04 up 1:05, 2 users, load average: 0.50, 1.35, 1.20
Tasks: 136 total, 2 running, 134 sleeping, 0 stopped, 0 zombie
%Cpu(s): 49.1 us, 1.0 sy, 0.0 ni, 49.9 id, 0.0 wa, 0.0 hi, 0.0 si, 0.0 st
KiB Mem: 3935100 total, 2721244 used, 1213856 free,     13984 buffers
KiB Swap: 262140 total,    38716 used, 223424 free.     35740 cached Mem
--
top - 19:56:06 up 1:05, 2 users, load average: 0.50, 1.35, 1.20
Tasks: 136 total, 2 running, 134 sleeping, 0 stopped, 0 zombie
%Cpu(s): 48.8 us, 1.5 sy, 0.0 ni, 49.8 id, 0.0 wa, 0.0 hi, 0.0 si, 0.0 st
KiB Mem: 3935100 total, 3224560 used, 710540 free,      13984 buffers
KiB Swap: 262140 total,    38716 used, 223424 free.     35740 cached Mem
--
top - 19:56:08 up 1:05, 2 users, load average: 0.50, 1.35, 1.20
Tasks: 136 total, 2 running, 134 sleeping, 0 stopped, 0 zombie
%Cpu(s): 48.8 us, 1.5 sy, 0.0 ni, 49.8 id, 0.0 wa, 0.0 hi, 0.0 si, 0.0 st
KiB Mem: 3935100 total, 3224560 used, 710540 free,      13984 buffers
KiB Swap: 262140 total,    38716 used, 223424 free.     35740 cached Mem
--
top - 19:56:11 up 1:05, 2 users, load average: 0.54, 1.34, 1.20
Tasks: 136 total, 2 running, 134 sleeping, 0 stopped, 0 zombie
%Cpu(s): 46.6 us, 3.5 sy, 0.0 ni, 49.9 id, 0.0 wa, 0.0 hi, 0.0 si, 0.0 st
KiB Mem: 3935100 total, 3727504 used, 207596 free,      13984 buffers
KiB Swap: 262140 total,    38716 used, 223424 free.     35740 cached Mem
--
top - 19:56:13 up 1:05, 2 users, load average: 0.54, 1.34, 1.20
Tasks: 137 total, 1 running, 136 sleeping, 0 stopped, 0 zombie
%Cpu(s): 25.8 us, 3.7 sy, 0.0 ni, 25.9 id, 44.6 wa, 0.0 hi, 0.0 si, 0.0 st
KiB Mem: 3935100 total, 3840728 used,     94372 free,     288 buffers
KiB Swap: 262140 total, 135864 used, 126276 free.        9648 cached Mem
--
top - 19:56:15 up 1:05, 2 users, load average: 0.57, 1.34, 1.20
Tasks: 137 total, 2 running, 135 sleeping, 0 stopped, 0 zombie
%Cpu(s): 18.6 us, 3.5 sy, 0.0 ni, 37.2 id, 40.5 wa, 0.0 hi, 0.3 si, 0.0 st
KiB Mem: 3935100 total, 3840728 used,     94372 free,     288 buffers
KiB Swap: 262140 total, 135864 used, 126276 free.        9648 cached Mem



[ 3-MINUTE GAP ]



--
top - 19:59:17 up 1:08, 2 users, load average: 5.53, 3.30, 1.99
Tasks: 135 total, 2 running, 133 sleeping, 0 stopped, 0 zombie
%Cpu(s): 0.4 us, 33.7 sy, 0.0 ni, 15.4 id, 50.4 wa, 0.0 hi, 0.2 si, 0.0 st
KiB Mem: 3935100 total, 980176 used, 2954924 free,        132 buffers
KiB Swap: 262140 total, 262136 used,          4 free.    4988 cached Mem
--
top - 19:59:19 up 1:08, 2 users, load average: 5.53, 3.30, 1.99
Tasks: 133 total, 1 running, 132 sleeping, 0 stopped, 0 zombie
%Cpu(s): 0.9 us, 4.0 sy, 0.0 ni, 57.0 id, 38.1 wa, 0.0 hi, 0.0 si, 0.0 st
KiB Mem: 3935100 total, 980176 used, 2954924 free,        132 buffers
KiB Swap: 262140 total, 262136 used,          4 free.    4988 cached Mem
